<?xml version="1.0" encoding="UTF-8"?>
<!-- Generated by org.testng.reporters.JUnitReportReporter -->
<testsuite hostname="DESKTOP-VDDHET5" failures="0" tests="2" name="annotations.ExampleOfBeforeClassAfterClass" time="0.010" errors="0" timestamp="2025-06-24T22:06:03 IST" skipped="0">
  <testcase classname="annotations.ExampleOfBeforeClassAfterClass" name="searchMethod" time="0.006"/>
  <testcase classname="annotations.ExampleOfBeforeClassAfterClass" name="advancedSearchMethod" time="0.004"/>
</testsuite> <!-- annotations.ExampleOfBeforeClassAfterClass -->
