<?xml version="1.0" encoding="UTF-8"?>
<!-- Generated by org.testng.reporters.JUnitReportReporter -->
<testsuite hostname="DESKTOP-VDDHET5" failures="0" tests="21" name="practice.FormRegistration" time="37.749" errors="0" timestamp="2025-06-26T22:58:19 IST" skipped="0">
  <testcase classname="practice.FormRegistration" name="register" time="1.404"/>
  <testcase classname="practice.FormRegistration" name="register" time="1.339"/>
  <testcase classname="practice.FormRegistration" name="register" time="1.539"/>
  <testcase classname="practice.FormRegistration" name="register" time="1.395"/>
  <testcase classname="practice.FormRegistration" name="register" time="1.340"/>
  <testcase classname="practice.FormRegistration" name="register" time="1.326"/>
  <testcase classname="practice.FormRegistration" name="register" time="1.438"/>
  <testcase classname="practice.FormRegistration" name="register" time="1.788"/>
  <testcase classname="practice.FormRegistration" name="register" time="1.392"/>
  <testcase classname="practice.FormRegistration" name="register" time="1.587"/>
  <testcase classname="practice.FormRegistration" name="register" time="1.545"/>
  <testcase classname="practice.FormRegistration" name="register" time="1.682"/>
  <testcase classname="practice.FormRegistration" name="register" time="1.420"/>
  <testcase classname="practice.FormRegistration" name="register" time="1.365"/>
  <testcase classname="practice.FormRegistration" name="register" time="2.364"/>
  <testcase classname="practice.FormRegistration" name="register" time="1.968"/>
  <testcase classname="practice.FormRegistration" name="register" time="1.372"/>
  <testcase classname="practice.FormRegistration" name="register" time="1.628"/>
  <testcase classname="practice.FormRegistration" name="register" time="1.550"/>
  <testcase classname="practice.FormRegistration" name="openApp" time="6.680"/>
  <testcase classname="practice.FormRegistration" name="register" time="1.627"/>
</testsuite> <!-- practice.FormRegistration -->
