<?xml version="1.0" encoding="UTF-8"?>
<!-- Generated by org.testng.reporters.JUnitReportReporter -->
<testsuite hostname="DESKTOP-VDDHET5" failures="0" tests="4" name="grouping.LoginTests" time="0.070" errors="0" timestamp="2025-06-25T12:08:42 IST" skipped="0">
  <testcase classname="grouping.LoginTests" name="loginTwitter" time="0.003"/>
  <testcase classname="grouping.LoginTests" name="loginInstagram" time="0.005"/>
  <testcase classname="grouping.LoginTests" name="loginFacebook" time="0.057"/>
  <testcase classname="grouping.LoginTests" name="loginGithub" time="0.005"/>
</testsuite> <!-- grouping.LoginTests -->
