<?xml version="1.0" encoding="UTF-8"?>
<!-- Generated by org.testng.reporters.JUnitReportReporter -->
<testsuite hostname="DESKTOP-VDDHET5" failures="0" tests="4" name="grouping.SignupTests" time="0.070" errors="0" timestamp="2025-06-25T12:07:17 IST" skipped="0">
  <testcase classname="grouping.SignupTests" name="signupByInstagram" time="0.006"/>
  <testcase classname="grouping.SignupTests" name="signupByTwitter" time="0.006"/>
  <testcase classname="grouping.SignupTests" name="signupByGithub" time="0.005"/>
  <testcase classname="grouping.SignupTests" name="signupByFacebook" time="0.053"/>
</testsuite> <!-- grouping.SignupTests -->
