<?xml version="1.0" encoding="UTF-8"?>
<!-- Generated by org.testng.reporters.JUnitReportReporter -->
<testsuite hostname="DESKTOP-VDDHET5" failures="0" tests="4" name="example.OrangeHRMTests" time="17.080" errors="0" timestamp="2025-06-23T23:32:35 IST" skipped="0">
  <testcase classname="example.OrangeHRMTests" name="openApp" time="6.683"/>
  <testcase classname="example.OrangeHRMTests" name="isLogoPresent" time="1.138"/>
  <testcase classname="example.OrangeHRMTests" name="login" time="1.739"/>
  <testcase classname="example.OrangeHRMTests" name="logout" time="7.520"/>
</testsuite> <!-- example.OrangeHRMTests -->
