<?xml version="1.0" encoding="UTF-8"?>
<!-- Generated by org.testng.reporters.JUnitReportReporter -->
<testsuite hostname="DESKTOP-VDDHET5" failures="0" tests="2" name="example.Chatgpt" time="20.634" errors="0" timestamp="2025-06-23T23:32:35 IST" skipped="0">
  <testcase classname="example.Chatgpt" name="openApp" time="4.736"/>
  <testcase classname="example.Chatgpt" name="isLogoPresent" time="15.898"/>
</testsuite> <!-- example.Chatgpt -->
