<?xml version="1.0" encoding="UTF-8"?>
<!-- Generated by org.testng.reporters.JUnitReportReporter -->
<testsuite hostname="DESKTOP-VDDHET5" failures="0" tests="2" name="grouping.PaymentTests" time="0.061" errors="0" timestamp="2025-06-25T12:08:14 IST" skipped="0">
  <testcase classname="grouping.PaymentTests" name="paymentOne" time="0.058"/>
  <testcase classname="grouping.PaymentTests" name="paymentTwo" time="0.003"/>
</testsuite> <!-- grouping.PaymentTests -->
