<?xml version="1.0" encoding="UTF-8"?>
<!-- Generated by org.testng.reporters.JUnitReportReporter -->
<testsuite hostname="DESKTOP-VDDHET5" failures="0" tests="3" name="example.FirstTestCaseUsingTestNG" time="0.020" errors="0" timestamp="2025-06-23T23:32:35 IST" skipped="0">
  <testcase classname="example.FirstTestCaseUsingTestNG" name="loginApp" time="0.005"/>
  <testcase classname="example.FirstTestCaseUsingTestNG" name="logoutApp" time="0.011"/>
  <testcase classname="example.FirstTestCaseUsingTestNG" name="openApp" time="0.004"/>
</testsuite> <!-- example.FirstTestCaseUsingTestNG -->
