<?xml version="1.0" encoding="UTF-8"?>
<!-- Generated by org.testng.reporters.JUnitReportReporter -->
<testsuite hostname="DESKTOP-VDDHET5" failures="0" tests="2" name="annotations.ExampleOfBeforeAndAfterMethod" time="0.078" errors="0" timestamp="2025-06-24T22:06:03 IST" skipped="0">
  <testcase classname="annotations.ExampleOfBeforeAndAfterMethod" name="search" time="0.070"/>
  <testcase classname="annotations.ExampleOfBeforeAndAfterMethod" name="advancedSearch" time="0.008"/>
</testsuite> <!-- annotations.ExampleOfBeforeAndAfterMethod -->
